
190201  8:50:14 InnoDB: Initializing buffer pool, size = 128.0M
190201  8:50:14 InnoDB: Completed initialization of buffer pool
190201  8:50:14 InnoDB: highest supported file format is Barracuda.
190201  8:50:15  InnoDB: Waiting for the background threads to start
190201  8:50:16 Percona XtraDB (http://www.percona.com) 5.5.59-MariaDB-38.11 started; log sequence number 2579104
190201  8:50:16 [Note] Plugin 'FEEDBACK' is disabled.
190201  8:50:16 [Note] Server socket created on IP: '0.0.0.0'.
190201  8:50:16 [Note] Event Scheduler: Loaded 0 events
190201  8:50:16 [Note] /usr/libexec/mysqld: ready for connections.
Version: '5.5.60-MariaDB'  socket: '/var/lib/mysql/mysql.sock'  port: 3306  MariaDB Server
190201  8:50:14 InnoDB: Initializing buffer pool, size = 128.0M
190201  8:50:14 InnoDB: Completed initialization of buffer pool
190201  8:50:14 InnoDB: highest supported file format is Barracuda.
190201  8:50:15  InnoDB: Waiting for the background threads to start
190201  8:50:16 Percona XtraDB (http://www.percona.com) 5.5.59-MariaDB-38.11 started; log sequence number 2579104
190201  8:50:16 [Note] Plugin 'FEEDBACK' is disabled.
190201  8:50:16 [Note] Server socket created on IP: '0.0.0.0'.
190201  8:50:16 [Note] Event Scheduler: Loaded 0 events
190201  8:50:16 [Note] /usr/libexec/mysqld: ready for connections.
Version: '5.5.60-MariaDB'  socket: '/var/lib/mysql/mysql.sock'  port: 3306  MariaDB Server
190201  8:50:14 InnoDB: Initializing buffer pool, size = 128.0M
190201  8:50:14 InnoDB: Completed initialization of buffer pool
190201  8:50:14 InnoDB: highest supported file format is Barracuda.
190201  8:50:15  InnoDB: Waiting for the background threads to start
190201  8:50:16 Percona XtraDB (http://www.percona.com) 5.5.59-MariaDB-38.11 started; log sequence number 2579104
190201  8:50:16 [Note] Plugin 'FEEDBACK' is disabled.
190201  8:50:16 [Note] Server socket created on IP: '0.0.0.0'.
190201  8:50:16 [Note] Event Scheduler: Loaded 0 events
190201  8:50:16 [Note] /usr/libexec/mysqld: ready for connections.
Version: '5.5.60-MariaDB'  socket: '/var/lib/mysql/mysql.sock'  port: 3306  MariaDB Server
190201  8:50:14 InnoDB: Initializing buffer pool, size = 128.0M
190201  8:50:14 InnoDB: Completed initialization of buffer pool
190201  8:50:14 InnoDB: highest supported file format is Barracuda.
190201  8:50:15  InnoDB: Waiting for the background threads to start
190201  8:50:16 Percona XtraDB (http://www.percona.com) 5.5.59-MariaDB-38.11 started; log sequence number 2579104
190201  8:50:16 [Note] Plugin 'FEEDBACK' is disabled.
190201  8:50:16 [Note] Server socket created on IP: '0.0.0.0'.
190201  8:50:16 [Note] Event Scheduler: Loaded 0 events
190201  8:50:16 [Note] /usr/libexec/mysqld: ready for connections.
Version: '5.5.60-MariaDB'  socket: '/var/lib/mysql/mysql.sock'  port: 3306  MariaDB Server
190201  8:50:14 InnoDB: Initializing buffer pool, size = 128.0M
190201  8:50:14 InnoDB: Completed initialization of buffer pool
190201  8:50:14 InnoDB: highest supported file format is Barracuda.
190201  8:50:15  InnoDB: Waiting for the background threads to start
190201  8:50:16 Percona XtraDB (http://www.percona.com) 5.5.59-MariaDB-38.11 started; log sequence number 2579104
190201  8:50:16 [Note] Plugin 'FEEDBACK' is disabled.
190201  8:50:16 [Note] Server socket created on IP: '0.0.0.0'.
190201  8:50:16 [Note] Event Scheduler: Loaded 0 events
190201  8:50:16 [Note] /usr/libexec/mysqld: ready for connections.
Version: '5.5.60-MariaDB'  socket: '/var/lib/mysql/mysql.sock'  port: 3306  MariaDB Server
190201  8:50:14 InnoDB: Initializing buffer pool, size = 128.0M
190201  8:50:14 InnoDB: Completed initialization of buffer pool
190201  8:50:14 InnoDB: highest supported file format is Barracuda.
190201  8:50:15  InnoDB: Waiting for the background threads to start
190201  8:50:16 Percona XtraDB (http://www.percona.com) 5.5.59-MariaDB-38.11 started; log sequence number 2579104
190201  8:50:16 [Note] Plugin 'FEEDBACK' is disabled.
190201  8:50:16 [Note] Server socket created on IP: '0.0.0.0'.
190201  8:50:16 [Note] Event Scheduler: Loaded 0 events
190201  8:50:16 [Note] /usr/libexec/mysqld: ready for connections.
Version: '5.5.60-MariaDB'  socket: '/var/lib/mysql/mysql.sock'  port: 3306  MariaDB Server
190201  8:50:14 InnoDB: Initializing buffer pool, size = 128.0M
190201  8:50:14 InnoDB: Completed initialization of buffer pool
190201  8:50:14 InnoDB: highest supported file format is Barracuda.
190201  8:50:15  InnoDB: Waiting for the background threads to start
190201  8:50:16 Percona XtraDB (http://www.percona.com) 5.5.59-MariaDB-38.11 started; log sequence number 2579104
190201  8:50:16 [Note] Plugin 'FEEDBACK' is disabled.
190201  8:50:16 [Note] Server socket created on IP: '0.0.0.0'.
190201  8:50:16 [Note] Event Scheduler: Loaded 0 events
190201  8:50:16 [Note] /usr/libexec/mysqld: ready for connections.
Version: '5.5.60-MariaDB'  socket: '/var/lib/mysql/mysql.sock'  port: 3306  MariaDB Server
190201  8:50:14 InnoDB: Initializing buffer pool, size = 128.0M
190201  8:50:14 InnoDB: Completed initialization of buffer pool
190201  8:50:14 InnoDB: highest supported file format is Barracuda.
190201  8:50:15  InnoDB: Waiting for the background threads to start
190201  8:50:16 Percona XtraDB (http://www.percona.com) 5.5.59-MariaDB-38.11 started; log sequence number 2579104
190201  8:50:16 [Note] Plugin 'FEEDBACK' is disabled.
190201  8:50:16 [Note] Server socket created on IP: '0.0.0.0'.
190201  8:50:16 [Note] Event Scheduler: Loaded 0 events
190201  8:50:16 [Note] /usr/libexec/mysqld: ready for connections.
Version: '5.5.60-MariaDB'  socket: '/var/lib/mysql/mysql.sock'  port: 3306  MariaDB Server
190201  8:50:14 InnoDB: Initializing buffer pool, size = 128.0M
190201  8:50:14 InnoDB: Completed initialization of buffer pool
190201  8:50:14 InnoDB: highest supported file format is Barracuda.
190201  8:50:15  InnoDB: Waiting for the background threads to start
190201  8:50:16 Percona XtraDB (http://www.percona.com) 5.5.59-MariaDB-38.11 started; log sequence number 2579104
190201  8:50:16 [Note] Plugin 'FEEDBACK' is disabled.
190201  8:50:16 [Note] Server socket created on IP: '0.0.0.0'.
190201  8:50:16 [Note] Event Scheduler: Loaded 0 events
190201  8:50:16 [Note] /usr/libexec/mysqld: ready for connections.
Version: '5.5.60-MariaDB'  socket: '/var/lib/mysql/mysql.sock'  port: 3306  MariaDB Server
190201  8:50:14 InnoDB: Initializing buffer pool, size = 128.0M
190201  8:50:14 InnoDB: Completed initialization of buffer pool
190201  8:50:14 InnoDB: highest supported file format is Barracuda.
190201  8:50:15  InnoDB: Waiting for the background threads to start
190201  8:50:16 Percona XtraDB (http://www.percona.com) 5.5.59-MariaDB-38.11 started; log sequence number 2579104
190201  8:50:16 [Note] Plugin 'FEEDBACK' is disabled.
190201  8:50:16 [Note] Server socket created on IP: '0.0.0.0'.
190201  8:50:16 [Note] Event Scheduler: Loaded 0 events
190201  8:50:16 [Note] /usr/libexec/mysqld: ready for connections.
Version: '5.5.60-MariaDB'  socket: '/var/lib/mysql/mysql.sock'  port: 3306  MariaDB Server
190201  8:50:14 InnoDB: Initializing buffer pool, size = 128.0M
190201  8:50:14 InnoDB: Completed initialization of buffer pool
190201  8:50:14 InnoDB: highest supported file format is Barracuda.
190201  8:50:15  InnoDB: Waiting for the background threads to start
190201  8:50:16 Percona XtraDB (http://www.percona.com) 5.5.59-MariaDB-38.11 started; log sequence number 2579104
190201  8:50:16 [Note] Plugin 'FEEDBACK' is disabled.
190201  8:50:16 [Note] Server socket created on IP: '0.0.0.0'.
190201  8:50:16 [Note] Event Scheduler: Loaded 0 events
190201  8:50:16 [Note] /usr/libexec/mysqld: ready for connections.
Version: '5.5.60-MariaDB'  socket: '/var/lib/mysql/mysql.sock'  port: 3306  MariaDB Server
190201  8:50:14 InnoDB: Initializing buffer pool, size = 128.0M
190201  8:50:14 InnoDB: Completed initialization of buffer pool
190201  8:50:14 InnoDB: highest supported file format is Barracuda.
190201  8:50:15  InnoDB: Waiting for the background threads to start
190201  8:50:16 Percona XtraDB (http://www.percona.com) 5.5.59-MariaDB-38.11 started; log sequence number 2579104
190201  8:50:16 [Note] Plugin 'FEEDBACK' is disabled.
190201  8:50:16 [Note] Server socket created on IP: '0.0.0.0'.
190201  8:50:16 [Note] Event Scheduler: Loaded 0 events
190201  8:50:16 [Note] /usr/libexec/mysqld: ready for connections.
Version: '5.5.60-MariaDB'  socket: '/var/lib/mysql/mysql.sock'  port: 3306  MariaDB Server
